<?xml version="1.0" encoding="UTF-8"?>
<!-- Generated by org.testng.reporters.JUnitReportReporter -->
<testsuite skipped="0" hostname="GC025-A51E-1A2F" name="TestSuite1.TC1" tests="1" failures="0" timestamp="04 Feb 2022 12:15:18 GMT" time="0.058" errors="0">
  <testcase name="TC1" time="0.058" classname="TestSuite1.TC1"/>
</testsuite> <!-- TestSuite1.TC1 -->
